2023-03-27 02:14:06.565  INFO 30948 --- [main] com.dmdev.AppRunner                      : Starting AppRunner using Java 18.0.1.1 on 0400NBB0DH96533 with PID 30948 (C:\DMdev\Projects\my-maven\service\target\classes started by raturusi in C:\DMdev\Projects\my-maven)
2023-03-27 02:14:06.568  INFO 30948 --- [main] com.dmdev.AppRunner                      : No active profile set, falling back to 1 default profile: "default"
2023-03-27 02:14:07.157  INFO 30948 --- [main] .s.d.r.c.RepositoryConfigurationDelegate : Bootstrapping Spring Data JPA repositories in DEFAULT mode.
2023-03-27 02:14:07.199  INFO 30948 --- [main] .s.d.r.c.RepositoryConfigurationDelegate : Finished Spring Data repository scanning in 29 ms. Found 0 JPA repository interfaces.
2023-03-27 02:14:07.789  INFO 30948 --- [main] com.zaxxer.hikari.HikariDataSource       : HikariPool-1 - Starting...
2023-03-27 02:14:08.338  INFO 30948 --- [main] com.zaxxer.hikari.HikariDataSource       : HikariPool-1 - Start completed.
2023-03-27 02:14:08.448  INFO 30948 --- [main] o.hibernate.jpa.internal.util.LogHelper  : HHH000204: Processing PersistenceUnitInfo [name: default]
2023-03-27 02:14:08.561  INFO 30948 --- [main] org.hibernate.Version                    : HHH000412: Hibernate ORM core version 5.6.15.Final
2023-03-27 02:14:08.881  INFO 30948 --- [main] o.hibernate.annotations.common.Version   : HCANN000001: Hibernate Commons Annotations {5.1.2.Final}
2023-03-27 02:14:09.111  INFO 30948 --- [main] org.hibernate.dialect.Dialect            : HHH000400: Using dialect: org.hibernate.dialect.PostgreSQL10Dialect
2023-03-27 02:14:10.386  INFO 30948 --- [main] o.h.e.t.j.p.i.JtaPlatformInitiator       : HHH000490: Using JtaPlatform implementation: [org.hibernate.engine.transaction.jta.platform.internal.NoJtaPlatform]
2023-03-27 02:14:10.407  INFO 30948 --- [main] j.LocalContainerEntityManagerFactoryBean : Initialized JPA EntityManagerFactory for persistence unit 'default'
2023-03-27 02:14:10.762  INFO 30948 --- [main] com.dmdev.AppRunner                      : Started AppRunner in 4.791 seconds (JVM running for 5.48)
2023-03-27 02:14:10.782  INFO 30948 --- [SpringApplicationShutdownHook] j.LocalContainerEntityManagerFactoryBean : Closing JPA EntityManagerFactory for persistence unit 'default'
2023-03-27 02:14:10.786  INFO 30948 --- [SpringApplicationShutdownHook] com.zaxxer.hikari.HikariDataSource       : HikariPool-1 - Shutdown initiated...
2023-03-27 02:14:10.957  INFO 30948 --- [SpringApplicationShutdownHook] com.zaxxer.hikari.HikariDataSource       : HikariPool-1 - Shutdown completed.
2023-03-27 02:20:03.417  INFO 26008 --- [main] com.dmdev.AppRunner                      : Starting AppRunner using Java 18.0.1.1 on 0400NBB0DH96533 with PID 26008 (C:\DMdev\Projects\my-maven\service\target\classes started by raturusi in C:\DMdev\Projects\my-maven)
2023-03-27 02:20:03.422  INFO 26008 --- [main] com.dmdev.AppRunner                      : No active profile set, falling back to 1 default profile: "default"
2023-03-27 02:20:04.244  INFO 26008 --- [main] .s.d.r.c.RepositoryConfigurationDelegate : Bootstrapping Spring Data JPA repositories in DEFAULT mode.
2023-03-27 02:20:04.282  INFO 26008 --- [main] .s.d.r.c.RepositoryConfigurationDelegate : Finished Spring Data repository scanning in 25 ms. Found 0 JPA repository interfaces.
2023-03-27 02:20:04.816  INFO 26008 --- [main] o.hibernate.jpa.internal.util.LogHelper  : HHH000204: Processing PersistenceUnitInfo [name: default]
2023-03-27 02:20:04.904  INFO 26008 --- [main] org.hibernate.Version                    : HHH000412: Hibernate ORM core version 5.6.15.Final
2023-03-27 02:20:05.236  INFO 26008 --- [main] o.hibernate.annotations.common.Version   : HCANN000001: Hibernate Commons Annotations {5.1.2.Final}
2023-03-27 02:20:05.464  INFO 26008 --- [main] com.zaxxer.hikari.HikariDataSource       : HikariPool-1 - Starting...
2023-03-27 02:20:05.894  INFO 26008 --- [main] com.zaxxer.hikari.HikariDataSource       : HikariPool-1 - Start completed.
2023-03-27 02:20:05.931  INFO 26008 --- [main] org.hibernate.dialect.Dialect            : HHH000400: Using dialect: org.hibernate.dialect.PostgreSQL10Dialect
2023-03-27 02:20:07.240  INFO 26008 --- [main] o.h.e.t.j.p.i.JtaPlatformInitiator       : HHH000490: Using JtaPlatform implementation: [org.hibernate.engine.transaction.jta.platform.internal.NoJtaPlatform]
2023-03-27 02:20:07.254  INFO 26008 --- [main] j.LocalContainerEntityManagerFactoryBean : Initialized JPA EntityManagerFactory for persistence unit 'default'
2023-03-27 02:20:07.606  INFO 26008 --- [main] com.dmdev.AppRunner                      : Started AppRunner in 5.141 seconds (JVM running for 5.795)
2023-03-27 02:20:07.627  INFO 26008 --- [SpringApplicationShutdownHook] j.LocalContainerEntityManagerFactoryBean : Closing JPA EntityManagerFactory for persistence unit 'default'
2023-03-27 02:20:07.630  INFO 26008 --- [SpringApplicationShutdownHook] com.zaxxer.hikari.HikariDataSource       : HikariPool-1 - Shutdown initiated...
2023-03-27 02:20:07.855  INFO 26008 --- [SpringApplicationShutdownHook] com.zaxxer.hikari.HikariDataSource       : HikariPool-1 - Shutdown completed.
2023-03-27 02:21:38.411  INFO 28888 --- [main] com.dmdev.AppRunner                      : Starting AppRunner using Java 18.0.1.1 on 0400NBB0DH96533 with PID 28888 (C:\DMdev\Projects\my-maven\service\target\classes started by raturusi in C:\DMdev\Projects\my-maven)
2023-03-27 02:21:38.414  INFO 28888 --- [main] com.dmdev.AppRunner                      : No active profile set, falling back to 1 default profile: "default"
2023-03-27 02:21:39.071  INFO 28888 --- [main] .s.d.r.c.RepositoryConfigurationDelegate : Bootstrapping Spring Data JPA repositories in DEFAULT mode.
2023-03-27 02:21:39.110  INFO 28888 --- [main] .s.d.r.c.RepositoryConfigurationDelegate : Finished Spring Data repository scanning in 26 ms. Found 0 JPA repository interfaces.
2023-03-27 02:21:39.634  INFO 28888 --- [main] o.hibernate.jpa.internal.util.LogHelper  : HHH000204: Processing PersistenceUnitInfo [name: default]
2023-03-27 02:21:39.760  INFO 28888 --- [main] org.hibernate.Version                    : HHH000412: Hibernate ORM core version 5.6.15.Final
2023-03-27 02:21:40.066  INFO 28888 --- [main] o.hibernate.annotations.common.Version   : HCANN000001: Hibernate Commons Annotations {5.1.2.Final}
2023-03-27 02:21:40.290  INFO 28888 --- [main] com.zaxxer.hikari.HikariDataSource       : HikariPool-1 - Starting...
2023-03-27 02:21:40.687  INFO 28888 --- [main] com.zaxxer.hikari.HikariDataSource       : HikariPool-1 - Start completed.
2023-03-27 02:21:40.726  INFO 28888 --- [main] org.hibernate.dialect.Dialect            : HHH000400: Using dialect: org.hibernate.dialect.PostgreSQL10Dialect
2023-03-27 02:21:41.946  INFO 28888 --- [main] o.h.e.t.j.p.i.JtaPlatformInitiator       : HHH000490: Using JtaPlatform implementation: [org.hibernate.engine.transaction.jta.platform.internal.NoJtaPlatform]
2023-03-27 02:21:41.959  INFO 28888 --- [main] j.LocalContainerEntityManagerFactoryBean : Initialized JPA EntityManagerFactory for persistence unit 'default'
2023-03-27 02:21:42.291  INFO 28888 --- [main] com.dmdev.AppRunner                      : Started AppRunner in 4.676 seconds (JVM running for 5.331)
2023-03-27 02:21:42.319  INFO 28888 --- [SpringApplicationShutdownHook] j.LocalContainerEntityManagerFactoryBean : Closing JPA EntityManagerFactory for persistence unit 'default'
2023-03-27 02:21:42.322  INFO 28888 --- [SpringApplicationShutdownHook] com.zaxxer.hikari.HikariDataSource       : HikariPool-1 - Shutdown initiated...
2023-03-27 02:21:42.373  INFO 28888 --- [SpringApplicationShutdownHook] com.zaxxer.hikari.HikariDataSource       : HikariPool-1 - Shutdown completed.
2023-03-27 02:22:17.947  INFO 22192 --- [main] com.dmdev.AppRunner                      : Starting AppRunner using Java 18.0.1.1 on 0400NBB0DH96533 with PID 22192 (C:\DMdev\Projects\my-maven\service\target\classes started by raturusi in C:\DMdev\Projects\my-maven)
2023-03-27 02:22:17.953  INFO 22192 --- [main] com.dmdev.AppRunner                      : No active profile set, falling back to 1 default profile: "default"
2023-03-27 02:22:18.657  INFO 22192 --- [main] .s.d.r.c.RepositoryConfigurationDelegate : Bootstrapping Spring Data JPA repositories in DEFAULT mode.
2023-03-27 02:22:18.692  INFO 22192 --- [main] .s.d.r.c.RepositoryConfigurationDelegate : Finished Spring Data repository scanning in 24 ms. Found 0 JPA repository interfaces.
2023-03-27 02:22:19.206  INFO 22192 --- [main] o.hibernate.jpa.internal.util.LogHelper  : HHH000204: Processing PersistenceUnitInfo [name: default]
2023-03-27 02:22:19.283  INFO 22192 --- [main] org.hibernate.Version                    : HHH000412: Hibernate ORM core version 5.6.15.Final
2023-03-27 02:22:19.563  INFO 22192 --- [main] o.hibernate.annotations.common.Version   : HCANN000001: Hibernate Commons Annotations {5.1.2.Final}
2023-03-27 02:22:19.758  INFO 22192 --- [main] com.zaxxer.hikari.HikariDataSource       : HikariPool-1 - Starting...
2023-03-27 02:22:20.209  INFO 22192 --- [main] com.zaxxer.hikari.HikariDataSource       : HikariPool-1 - Start completed.
2023-03-27 02:22:20.248  INFO 22192 --- [main] org.hibernate.dialect.Dialect            : HHH000400: Using dialect: org.hibernate.dialect.PostgreSQL10Dialect
2023-03-27 02:22:21.467  INFO 22192 --- [main] o.h.e.t.j.p.i.JtaPlatformInitiator       : HHH000490: Using JtaPlatform implementation: [org.hibernate.engine.transaction.jta.platform.internal.NoJtaPlatform]
2023-03-27 02:22:21.482  INFO 22192 --- [main] j.LocalContainerEntityManagerFactoryBean : Initialized JPA EntityManagerFactory for persistence unit 'default'
2023-03-27 02:22:21.820  INFO 22192 --- [main] com.dmdev.AppRunner                      : Started AppRunner in 4.735 seconds (JVM running for 5.289)
2023-03-27 02:22:21.840  INFO 22192 --- [SpringApplicationShutdownHook] j.LocalContainerEntityManagerFactoryBean : Closing JPA EntityManagerFactory for persistence unit 'default'
2023-03-27 02:22:21.843  INFO 22192 --- [SpringApplicationShutdownHook] com.zaxxer.hikari.HikariDataSource       : HikariPool-1 - Shutdown initiated...
2023-03-27 02:22:21.878  INFO 22192 --- [SpringApplicationShutdownHook] com.zaxxer.hikari.HikariDataSource       : HikariPool-1 - Shutdown completed.
2023-03-27 03:57:03.513  INFO 19656 --- [main] com.dmdev.AppRunner                      : Starting AppRunner using Java 18.0.1.1 on 0400NBB0DH96533 with PID 19656 (C:\DMdev\Projects\my-maven\service\target\classes started by raturusi in C:\DMdev\Projects\my-maven)
2023-03-27 03:57:03.518  INFO 19656 --- [main] com.dmdev.AppRunner                      : No active profile set, falling back to 1 default profile: "default"
2023-03-27 03:57:04.172  INFO 19656 --- [main] .s.d.r.c.RepositoryConfigurationDelegate : Bootstrapping Spring Data JPA repositories in DEFAULT mode.
2023-03-27 03:57:04.199  INFO 19656 --- [main] .s.d.r.c.RepositoryConfigurationDelegate : Finished Spring Data repository scanning in 18 ms. Found 0 JPA repository interfaces.
2023-03-27 03:57:04.634  INFO 19656 --- [main] o.hibernate.jpa.internal.util.LogHelper  : HHH000204: Processing PersistenceUnitInfo [name: default]
2023-03-27 03:57:04.704  INFO 19656 --- [main] org.hibernate.Version                    : HHH000412: Hibernate ORM core version 5.6.15.Final
2023-03-27 03:57:04.952  INFO 19656 --- [main] o.hibernate.annotations.common.Version   : HCANN000001: Hibernate Commons Annotations {5.1.2.Final}
2023-03-27 03:57:05.144  INFO 19656 --- [main] com.zaxxer.hikari.HikariDataSource       : HikariPool-1 - Starting...
2023-03-27 03:57:05.526  INFO 19656 --- [main] com.zaxxer.hikari.HikariDataSource       : HikariPool-1 - Start completed.
2023-03-27 03:57:05.558  INFO 19656 --- [main] org.hibernate.dialect.Dialect            : HHH000400: Using dialect: org.hibernate.dialect.PostgreSQL10Dialect
2023-03-27 03:57:06.558  INFO 19656 --- [main] o.h.e.t.j.p.i.JtaPlatformInitiator       : HHH000490: Using JtaPlatform implementation: [org.hibernate.engine.transaction.jta.platform.internal.NoJtaPlatform]
2023-03-27 03:57:06.568  INFO 19656 --- [main] j.LocalContainerEntityManagerFactoryBean : Initialized JPA EntityManagerFactory for persistence unit 'default'
2023-03-27 03:57:06.839  INFO 19656 --- [main] com.dmdev.AppRunner                      : Started AppRunner in 4.093 seconds (JVM running for 4.749)
2023-03-27 03:57:06.850  INFO 19656 --- [SpringApplicationShutdownHook] j.LocalContainerEntityManagerFactoryBean : Closing JPA EntityManagerFactory for persistence unit 'default'
2023-03-27 03:57:06.853  INFO 19656 --- [SpringApplicationShutdownHook] com.zaxxer.hikari.HikariDataSource       : HikariPool-1 - Shutdown initiated...
2023-03-27 03:57:06.968  INFO 19656 --- [SpringApplicationShutdownHook] com.zaxxer.hikari.HikariDataSource       : HikariPool-1 - Shutdown completed.
